240606 19:35:07 mysqld_safe Starting mariadbd daemon with databases from /config/databases
2024-06-06 19:35:07 0 [Note] Starting MariaDB 10.11.8-MariaDB-log source revision 3a069644682e336e445039e48baae9693f9a08ee as process 412
2024-06-06 19:35:07 0 [Note] InnoDB: Compressed tables use zlib 1.3.1
2024-06-06 19:35:07 0 [Note] InnoDB: Number of transaction pools: 1
2024-06-06 19:35:07 0 [Note] InnoDB: Using crc32 + pclmulqdq instructions
2024-06-06 19:35:07 0 [Note] mariadbd: O_TMPFILE is not supported on /tmp (disabling future attempts)
2024-06-06 19:35:07 0 [Note] InnoDB: Using Linux native AIO
2024-06-06 19:35:07 0 [Note] InnoDB: Initializing buffer pool, total size = 256.000MiB, chunk size = 4.000MiB
2024-06-06 19:35:07 0 [Note] InnoDB: Completed initialization of buffer pool
2024-06-06 19:35:07 0 [Note] InnoDB: File system buffers for log disabled (block size=512 bytes)
2024-06-06 19:35:07 0 [Note] InnoDB: End of log at LSN=1672446
2024-06-06 19:35:07 0 [Note] InnoDB: 128 rollback segments are active.
2024-06-06 19:35:07 0 [Note] InnoDB: Setting file './ibtmp1' size to 12.000MiB. Physically writing the file full; Please wait ...
2024-06-06 19:35:07 0 [Note] InnoDB: File './ibtmp1' size is now 12.000MiB.
2024-06-06 19:35:07 0 [Note] InnoDB: log sequence number 1672446; transaction id 2322
2024-06-06 19:35:07 0 [Note] InnoDB: Loading buffer pool(s) from /config/databases/ib_buffer_pool
2024-06-06 19:35:07 0 [Note] Plugin 'FEEDBACK' is disabled.
2024-06-06 19:35:07 0 [Note] Server socket created on IP: '0.0.0.0'.
2024-06-06 19:35:07 0 [Note] Server socket created on IP: '::'.
2024-06-06 19:35:07 0 [Note] /usr/bin/mariadbd: ready for connections.
Version: '10.11.8-MariaDB-log'  socket: '/var/run/mysqld/mysqld.sock'  port: 3306  Alpine Linux
2024-06-06 19:35:07 0 [Note] InnoDB: Buffer pool(s) load completed at 240606 19:35:07
2024-06-06 19:35:08 5 [Warning] Aborted connection 5 to db: 'unconnected' user: 'unauthenticated' host: 'localhost' (This connection closed normally without authentication)
2024-06-06 19:35:08 4 [Warning] Aborted connection 4 to db: 'unconnected' user: 'unauthenticated' host: 'bookstack.infra3_bookstack_network' (This connection closed normally without authentication)
2024-06-06 19:35:14 7 [Warning] Aborted connection 7 to db: 'unconnected' user: 'unauthenticated' host: 'bookstack.infra3_bookstack_network' (This connection closed normally without authentication)
2024-06-06 19:35:29 0 [Note] /usr/bin/mariadbd (initiated by: unknown): Normal shutdown
2024-06-06 19:35:30 0 [Note] InnoDB: FTS optimize thread exiting.
2024-06-06 19:35:30 0 [Note] InnoDB: Starting shutdown...
2024-06-06 19:35:30 0 [Note] InnoDB: Dumping buffer pool(s) to /config/databases/ib_buffer_pool
2024-06-06 19:35:30 0 [Note] InnoDB: Buffer pool(s) dump completed at 240606 19:35:30
2024-06-06 19:35:30 0 [Note] InnoDB: Removed temporary tablespace data file: "./ibtmp1"
2024-06-06 19:35:30 0 [Note] InnoDB: Shutdown completed; log sequence number 1672446; transaction id 2361
2024-06-06 19:35:30 0 [Note] /usr/bin/mariadbd: Shutdown complete

240606 19:35:30 mysqld_safe mysqld from pid file /var/run/mysqld/mysqld.pid ended
240606 19:35:35 mysqld_safe Starting mariadbd daemon with databases from /config/databases
2024-06-06 19:35:35 0 [Note] Starting MariaDB 10.11.8-MariaDB-log source revision 3a069644682e336e445039e48baae9693f9a08ee as process 409
2024-06-06 19:35:35 0 [Note] InnoDB: Compressed tables use zlib 1.3.1
2024-06-06 19:35:35 0 [Note] InnoDB: Number of transaction pools: 1
2024-06-06 19:35:35 0 [Note] InnoDB: Using crc32 + pclmulqdq instructions
2024-06-06 19:35:35 0 [Note] mariadbd: O_TMPFILE is not supported on /tmp (disabling future attempts)
2024-06-06 19:35:35 0 [Note] InnoDB: Using Linux native AIO
2024-06-06 19:35:35 0 [Note] InnoDB: Initializing buffer pool, total size = 256.000MiB, chunk size = 4.000MiB
2024-06-06 19:35:35 0 [Note] InnoDB: Completed initialization of buffer pool
2024-06-06 19:35:35 0 [Note] InnoDB: File system buffers for log disabled (block size=512 bytes)
2024-06-06 19:35:35 0 [Note] InnoDB: End of log at LSN=1672446
2024-06-06 19:35:35 0 [Note] InnoDB: 128 rollback segments are active.
2024-06-06 19:35:35 0 [Note] InnoDB: Setting file './ibtmp1' size to 12.000MiB. Physically writing the file full; Please wait ...
2024-06-06 19:35:35 0 [Note] InnoDB: File './ibtmp1' size is now 12.000MiB.
2024-06-06 19:35:35 0 [Note] InnoDB: log sequence number 1672446; transaction id 2322
2024-06-06 19:35:35 0 [Note] InnoDB: Loading buffer pool(s) from /config/databases/ib_buffer_pool
2024-06-06 19:35:35 0 [Note] Plugin 'FEEDBACK' is disabled.
2024-06-06 19:35:35 0 [Note] Server socket created on IP: '0.0.0.0'.
2024-06-06 19:35:35 0 [Note] Server socket created on IP: '::'.
2024-06-06 19:35:35 0 [Note] /usr/bin/mariadbd: ready for connections.
Version: '10.11.8-MariaDB-log'  socket: '/var/run/mysqld/mysqld.sock'  port: 3306  Alpine Linux
2024-06-06 19:35:35 0 [Note] InnoDB: Buffer pool(s) load completed at 240606 19:35:35
2024-06-06 19:35:36 5 [Warning] Aborted connection 5 to db: 'unconnected' user: 'unauthenticated' host: 'localhost' (This connection closed normally without authentication)
2024-06-06 19:35:36 4 [Warning] Aborted connection 4 to db: 'unconnected' user: 'unauthenticated' host: 'bookstack.infra3_bookstack_network' (This connection closed normally without authentication)
2024-06-06 19:35:42 7 [Warning] Aborted connection 7 to db: 'unconnected' user: 'unauthenticated' host: 'bookstack.infra3_bookstack_network' (This connection closed normally without authentication)
2024-06-06 19:37:37 0 [Note] /usr/bin/mariadbd (initiated by: unknown): Normal shutdown
2024-06-06 19:37:37 0 [Note] InnoDB: FTS optimize thread exiting.
2024-06-06 19:37:37 0 [Note] InnoDB: Starting shutdown...
2024-06-06 19:37:37 0 [Note] InnoDB: Dumping buffer pool(s) to /config/databases/ib_buffer_pool
2024-06-06 19:37:37 0 [Note] InnoDB: Buffer pool(s) dump completed at 240606 19:37:37
2024-06-06 19:37:37 0 [Note] InnoDB: Removed temporary tablespace data file: "./ibtmp1"
2024-06-06 19:37:37 0 [Note] InnoDB: Shutdown completed; log sequence number 1672446; transaction id 2361
2024-06-06 19:37:37 0 [Note] /usr/bin/mariadbd: Shutdown complete

240606 19:37:37 mysqld_safe mysqld from pid file /var/run/mysqld/mysqld.pid ended
240606 19:37:50 mysqld_safe Starting mariadbd daemon with databases from /config/databases
2024-06-06 19:37:50 0 [Note] Starting MariaDB 10.11.8-MariaDB-log source revision 3a069644682e336e445039e48baae9693f9a08ee as process 409
2024-06-06 19:37:50 0 [Note] InnoDB: Compressed tables use zlib 1.3.1
2024-06-06 19:37:50 0 [Note] InnoDB: Number of transaction pools: 1
2024-06-06 19:37:50 0 [Note] InnoDB: Using crc32 + pclmulqdq instructions
2024-06-06 19:37:50 0 [Note] mariadbd: O_TMPFILE is not supported on /tmp (disabling future attempts)
2024-06-06 19:37:50 0 [Note] InnoDB: Using Linux native AIO
2024-06-06 19:37:50 0 [Note] InnoDB: Initializing buffer pool, total size = 256.000MiB, chunk size = 4.000MiB
2024-06-06 19:37:50 0 [Note] InnoDB: Completed initialization of buffer pool
2024-06-06 19:37:50 0 [Note] InnoDB: File system buffers for log disabled (block size=512 bytes)
2024-06-06 19:37:50 0 [Note] InnoDB: End of log at LSN=1672446
2024-06-06 19:37:50 0 [Note] InnoDB: 128 rollback segments are active.
2024-06-06 19:37:50 0 [Note] InnoDB: Setting file './ibtmp1' size to 12.000MiB. Physically writing the file full; Please wait ...
2024-06-06 19:37:50 0 [Note] InnoDB: File './ibtmp1' size is now 12.000MiB.
2024-06-06 19:37:50 0 [Note] InnoDB: log sequence number 1672446; transaction id 2322
2024-06-06 19:37:50 0 [Note] InnoDB: Loading buffer pool(s) from /config/databases/ib_buffer_pool
2024-06-06 19:37:50 0 [Note] Plugin 'FEEDBACK' is disabled.
2024-06-06 19:37:50 0 [Note] Server socket created on IP: '0.0.0.0'.
2024-06-06 19:37:50 0 [Note] Server socket created on IP: '::'.
2024-06-06 19:37:50 0 [Note] /usr/bin/mariadbd: ready for connections.
Version: '10.11.8-MariaDB-log'  socket: '/var/run/mysqld/mysqld.sock'  port: 3306  Alpine Linux
2024-06-06 19:37:50 0 [Note] InnoDB: Buffer pool(s) load completed at 240606 19:37:50
2024-06-06 19:37:51 5 [Warning] Aborted connection 5 to db: 'unconnected' user: 'unauthenticated' host: 'localhost' (This connection closed normally without authentication)
2024-06-06 19:37:51 4 [Warning] Aborted connection 4 to db: 'unconnected' user: 'unauthenticated' host: 'bookstack.infra3_bookstack_network' (This connection closed normally without authentication)
2024-06-06 19:37:52 7 [Warning] Aborted connection 7 to db: 'unconnected' user: 'unauthenticated' host: 'bookstack.infra3_bookstack_network' (This connection closed normally without authentication)
2024-06-06 19:38:23 0 [Note] /usr/bin/mariadbd (initiated by: unknown): Normal shutdown
2024-06-06 19:38:23 0 [Note] InnoDB: FTS optimize thread exiting.
2024-06-06 19:38:23 0 [Note] InnoDB: Starting shutdown...
2024-06-06 19:38:23 0 [Note] InnoDB: Dumping buffer pool(s) to /config/databases/ib_buffer_pool
2024-06-06 19:38:23 0 [Note] InnoDB: Buffer pool(s) dump completed at 240606 19:38:23
2024-06-06 19:38:23 0 [Note] InnoDB: Removed temporary tablespace data file: "./ibtmp1"
2024-06-06 19:38:23 0 [Note] InnoDB: Shutdown completed; log sequence number 1672446; transaction id 2361
2024-06-06 19:38:23 0 [Note] /usr/bin/mariadbd: Shutdown complete

240606 19:38:23 mysqld_safe mysqld from pid file /var/run/mysqld/mysqld.pid ended
240606 19:38:32 mysqld_safe Starting mariadbd daemon with databases from /config/databases
2024-06-06 19:38:32 0 [Note] Starting MariaDB 10.11.8-MariaDB-log source revision 3a069644682e336e445039e48baae9693f9a08ee as process 409
2024-06-06 19:38:32 0 [Note] InnoDB: Compressed tables use zlib 1.3.1
2024-06-06 19:38:32 0 [Note] InnoDB: Number of transaction pools: 1
2024-06-06 19:38:32 0 [Note] InnoDB: Using crc32 + pclmulqdq instructions
2024-06-06 19:38:32 0 [Note] mariadbd: O_TMPFILE is not supported on /tmp (disabling future attempts)
2024-06-06 19:38:32 0 [Note] InnoDB: Using Linux native AIO
2024-06-06 19:38:32 0 [Note] InnoDB: Initializing buffer pool, total size = 256.000MiB, chunk size = 4.000MiB
2024-06-06 19:38:32 0 [Note] InnoDB: Completed initialization of buffer pool
2024-06-06 19:38:32 0 [Note] InnoDB: File system buffers for log disabled (block size=512 bytes)
2024-06-06 19:38:32 0 [Note] InnoDB: End of log at LSN=1672446
2024-06-06 19:38:32 0 [Note] InnoDB: 128 rollback segments are active.
2024-06-06 19:38:32 0 [Note] InnoDB: Setting file './ibtmp1' size to 12.000MiB. Physically writing the file full; Please wait ...
2024-06-06 19:38:32 0 [Note] InnoDB: File './ibtmp1' size is now 12.000MiB.
2024-06-06 19:38:32 0 [Note] InnoDB: log sequence number 1672446; transaction id 2322
2024-06-06 19:38:32 0 [Note] InnoDB: Loading buffer pool(s) from /config/databases/ib_buffer_pool
2024-06-06 19:38:32 0 [Note] Plugin 'FEEDBACK' is disabled.
2024-06-06 19:38:33 0 [Note] Server socket created on IP: '0.0.0.0'.
2024-06-06 19:38:33 0 [Note] Server socket created on IP: '::'.
2024-06-06 19:38:33 0 [Note] /usr/bin/mariadbd: ready for connections.
Version: '10.11.8-MariaDB-log'  socket: '/var/run/mysqld/mysqld.sock'  port: 3306  Alpine Linux
2024-06-06 19:38:33 0 [Note] InnoDB: Buffer pool(s) load completed at 240606 19:38:33
2024-06-06 19:38:33 5 [Warning] Aborted connection 5 to db: 'unconnected' user: 'unauthenticated' host: 'localhost' (This connection closed normally without authentication)
2024-06-06 19:38:34 4 [Warning] Aborted connection 4 to db: 'unconnected' user: 'unauthenticated' host: 'bookstack.infra3_bookstack_network' (This connection closed normally without authentication)
2024-06-06 19:38:35 7 [Warning] Aborted connection 7 to db: 'unconnected' user: 'unauthenticated' host: 'bookstack.infra3_bookstack_network' (This connection closed normally without authentication)
2024-06-06 19:39:08 0 [Note] /usr/bin/mariadbd (initiated by: unknown): Normal shutdown
2024-06-06 19:39:08 0 [Note] InnoDB: FTS optimize thread exiting.
2024-06-06 19:39:08 0 [Note] InnoDB: Starting shutdown...
2024-06-06 19:39:08 0 [Note] InnoDB: Dumping buffer pool(s) to /config/databases/ib_buffer_pool
2024-06-06 19:39:08 0 [Note] InnoDB: Buffer pool(s) dump completed at 240606 19:39:08
2024-06-06 19:39:09 0 [Note] InnoDB: Removed temporary tablespace data file: "./ibtmp1"
2024-06-06 19:39:09 0 [Note] InnoDB: Shutdown completed; log sequence number 1672446; transaction id 2361
2024-06-06 19:39:09 0 [Note] /usr/bin/mariadbd: Shutdown complete

240606 19:39:09 mysqld_safe mysqld from pid file /var/run/mysqld/mysqld.pid ended
240606 19:39:13 mysqld_safe Starting mariadbd daemon with databases from /config/databases
2024-06-06 19:39:13 0 [Note] Starting MariaDB 10.11.8-MariaDB-log source revision 3a069644682e336e445039e48baae9693f9a08ee as process 409
2024-06-06 19:39:14 0 [Note] InnoDB: Compressed tables use zlib 1.3.1
2024-06-06 19:39:14 0 [Note] InnoDB: Number of transaction pools: 1
2024-06-06 19:39:14 0 [Note] InnoDB: Using crc32 + pclmulqdq instructions
2024-06-06 19:39:14 0 [Note] mariadbd: O_TMPFILE is not supported on /tmp (disabling future attempts)
2024-06-06 19:39:14 0 [Note] InnoDB: Using Linux native AIO
2024-06-06 19:39:14 0 [Note] InnoDB: Initializing buffer pool, total size = 256.000MiB, chunk size = 4.000MiB
2024-06-06 19:39:14 0 [Note] InnoDB: Completed initialization of buffer pool
2024-06-06 19:39:14 0 [Note] InnoDB: File system buffers for log disabled (block size=512 bytes)
2024-06-06 19:39:14 0 [Note] InnoDB: End of log at LSN=1672446
2024-06-06 19:39:14 0 [Note] InnoDB: 128 rollback segments are active.
2024-06-06 19:39:14 0 [Note] InnoDB: Setting file './ibtmp1' size to 12.000MiB. Physically writing the file full; Please wait ...
2024-06-06 19:39:14 0 [Note] InnoDB: File './ibtmp1' size is now 12.000MiB.
2024-06-06 19:39:14 0 [Note] InnoDB: log sequence number 1672446; transaction id 2322
2024-06-06 19:39:14 0 [Note] InnoDB: Loading buffer pool(s) from /config/databases/ib_buffer_pool
2024-06-06 19:39:14 0 [Note] Plugin 'FEEDBACK' is disabled.
2024-06-06 19:39:14 0 [Note] Server socket created on IP: '0.0.0.0'.
2024-06-06 19:39:14 0 [Note] Server socket created on IP: '::'.
2024-06-06 19:39:14 0 [Note] /usr/bin/mariadbd: ready for connections.
Version: '10.11.8-MariaDB-log'  socket: '/var/run/mysqld/mysqld.sock'  port: 3306  Alpine Linux
2024-06-06 19:39:14 0 [Note] InnoDB: Buffer pool(s) load completed at 240606 19:39:14
2024-06-06 19:39:14 5 [Warning] Aborted connection 5 to db: 'unconnected' user: 'unauthenticated' host: 'localhost' (This connection closed normally without authentication)
2024-06-06 19:39:15 4 [Warning] Aborted connection 4 to db: 'unconnected' user: 'unauthenticated' host: 'bookstack.infra3_bookstack_network' (This connection closed normally without authentication)
2024-06-06 19:39:16 7 [Warning] Aborted connection 7 to db: 'unconnected' user: 'unauthenticated' host: 'bookstack.infra3_bookstack_network' (This connection closed normally without authentication)
2024-06-06 20:00:48 0 [Note] /usr/bin/mariadbd (initiated by: unknown): Normal shutdown
2024-06-06 20:00:48 0 [Note] InnoDB: FTS optimize thread exiting.
2024-06-06 20:00:48 0 [Note] InnoDB: Starting shutdown...
2024-06-06 20:00:48 0 [Note] InnoDB: Dumping buffer pool(s) to /config/databases/ib_buffer_pool
2024-06-06 20:00:48 0 [Note] InnoDB: Buffer pool(s) dump completed at 240606 20:00:48
2024-06-06 20:00:48 0 [Note] InnoDB: Removed temporary tablespace data file: "./ibtmp1"
2024-06-06 20:00:48 0 [Note] InnoDB: Shutdown completed; log sequence number 1680421; transaction id 2371
2024-06-06 20:00:48 0 [Note] /usr/bin/mariadbd: Shutdown complete

240606 20:00:48 mysqld_safe mysqld from pid file /var/run/mysqld/mysqld.pid ended
240606 20:01:07 mysqld_safe Starting mariadbd daemon with databases from /config/databases
2024-06-06 20:01:07 0 [Note] Starting MariaDB 10.11.8-MariaDB-log source revision 3a069644682e336e445039e48baae9693f9a08ee as process 409
2024-06-06 20:01:07 0 [Note] InnoDB: Compressed tables use zlib 1.3.1
2024-06-06 20:01:07 0 [Note] InnoDB: Number of transaction pools: 1
2024-06-06 20:01:07 0 [Note] InnoDB: Using crc32 + pclmulqdq instructions
2024-06-06 20:01:07 0 [Note] mariadbd: O_TMPFILE is not supported on /tmp (disabling future attempts)
2024-06-06 20:01:07 0 [Note] InnoDB: Using Linux native AIO
2024-06-06 20:01:07 0 [Note] InnoDB: Initializing buffer pool, total size = 256.000MiB, chunk size = 4.000MiB
2024-06-06 20:01:07 0 [Note] InnoDB: Completed initialization of buffer pool
2024-06-06 20:01:07 0 [Note] InnoDB: File system buffers for log disabled (block size=512 bytes)
2024-06-06 20:01:07 0 [Note] InnoDB: End of log at LSN=1680421
2024-06-06 20:01:07 0 [Note] InnoDB: 128 rollback segments are active.
2024-06-06 20:01:07 0 [Note] InnoDB: Setting file './ibtmp1' size to 12.000MiB. Physically writing the file full; Please wait ...
2024-06-06 20:01:07 0 [Note] InnoDB: File './ibtmp1' size is now 12.000MiB.
2024-06-06 20:01:07 0 [Note] InnoDB: log sequence number 1680421; transaction id 2372
2024-06-06 20:01:07 0 [Note] InnoDB: Loading buffer pool(s) from /config/databases/ib_buffer_pool
2024-06-06 20:01:07 0 [Note] Plugin 'FEEDBACK' is disabled.
2024-06-06 20:01:07 0 [Note] Server socket created on IP: '0.0.0.0'.
2024-06-06 20:01:07 0 [Note] Server socket created on IP: '::'.
2024-06-06 20:01:07 0 [Note] /usr/bin/mariadbd: ready for connections.
Version: '10.11.8-MariaDB-log'  socket: '/var/run/mysqld/mysqld.sock'  port: 3306  Alpine Linux
2024-06-06 20:01:07 0 [Note] InnoDB: Buffer pool(s) load completed at 240606 20:01:07
2024-06-06 20:01:08 5 [Warning] Aborted connection 5 to db: 'unconnected' user: 'unauthenticated' host: 'localhost' (This connection closed normally without authentication)
2024-06-06 20:01:08 4 [Warning] Aborted connection 4 to db: 'unconnected' user: 'unauthenticated' host: 'bookstack.infra3_bookstack_network' (This connection closed normally without authentication)
2024-06-06 20:01:14 7 [Warning] Aborted connection 7 to db: 'unconnected' user: 'unauthenticated' host: 'bookstack.infra3_bookstack_network' (This connection closed normally without authentication)
2024-06-06 20:02:59 0 [Note] /usr/bin/mariadbd (initiated by: unknown): Normal shutdown
2024-06-06 20:02:59 0 [Note] InnoDB: FTS optimize thread exiting.
2024-06-06 20:02:59 0 [Note] InnoDB: Starting shutdown...
2024-06-06 20:02:59 0 [Note] InnoDB: Dumping buffer pool(s) to /config/databases/ib_buffer_pool
2024-06-06 20:02:59 0 [Note] InnoDB: Buffer pool(s) dump completed at 240606 20:02:59
2024-06-06 20:02:59 0 [Note] InnoDB: Removed temporary tablespace data file: "./ibtmp1"
2024-06-06 20:02:59 0 [Note] InnoDB: Shutdown completed; log sequence number 1681043; transaction id 2413
2024-06-06 20:02:59 0 [Note] /usr/bin/mariadbd: Shutdown complete

240606 20:02:59 mysqld_safe mysqld from pid file /var/run/mysqld/mysqld.pid ended
